[WARN] 2025-08-11 00:37:12.157 [main] TestNG - Ignoring duplicate listener : io.qameta.allure.testng.AllureTestNg
[WARN] 2025-08-11 00:37:12.159 [main] TestNG - Ignoring duplicate listener : io.qameta.allure.testng.AllureTestNg
[WARN] 2025-08-11 00:37:12.159 [main] TestNG - Ignoring duplicate listener : io.qameta.allure.testng.AllureTestNg
[INFO] 2025-08-11 00:37:14.029 [main] Utils - [TestNG] Running:
  C:\Users\HP\git\Testng_Ninjalinos\testng.xml

[ERROR] 2025-08-11 00:37:38.348 [TestNG-tests-2] LoggerLoad - Alert message for no code entered in editor is not displayed
[ERROR] 2025-08-11 00:37:38.490 [TestNG-tests-1] LoggerLoad - Alert message for no code entered in editor is not displayed
[ERROR] 2025-08-11 00:37:44.468 [TestNG-tests-1] LoggerLoad - Alert message for no code entered in editor is not displayed
[ERROR] 2025-08-11 00:37:44.934 [TestNG-tests-2] LoggerLoad - Alert message for no code entered in editor is not displayed
[ERROR] 2025-08-11 00:37:50.568 [TestNG-tests-1] LoggerLoad - Alert message for no code entered in editor is not displayed
[ERROR] 2025-08-11 00:37:51.040 [TestNG-tests-2] LoggerLoad - Alert message for no code entered in editor is not displayed
[ERROR] 2025-08-11 00:37:56.583 [TestNG-tests-1] LoggerLoad - Alert message for no code entered in editor is not displayed
[ERROR] 2025-08-11 00:37:56.832 [TestNG-tests-1] AllureLifecycle - Could not add attachment: no test is running
[ERROR] 2025-08-11 00:37:58.039 [TestNG-tests-2] LoggerLoad - Alert message for no code entered in editor is not displayed
[ERROR] 2025-08-11 00:37:58.274 [TestNG-tests-2] AllureLifecycle - Could not add attachment: no test is running
[ERROR] 2025-08-11 00:38:01.125 [TestNG-tests-3] LoggerLoad - Alert message for no code entered in editor is not displayed
[ERROR] 2025-08-11 00:38:13.040 [TestNG-tests-3] LoggerLoad - Alert message for no code entered in editor is not displayed
[ERROR] 2025-08-11 00:38:20.575 [TestNG-tests-3] LoggerLoad - Alert message for no code entered in editor is not displayed
[ERROR] 2025-08-11 00:38:26.935 [TestNG-tests-3] LoggerLoad - Alert message for no code entered in editor is not displayed
[ERROR] 2025-08-11 00:38:26.980 [TestNG-tests-3] AllureLifecycle - Could not add attachment: no test is running
