<?xml version="1.0" encoding="UTF-8"?>
<!-- Generated by org.testng.reporters.JUnitXMLReporter -->
<testsuite ignored="0" hostname="DESKTOP-181TTAT" failures="1" tests="11" name="Test_All_Modules_chrome" time="62.725" errors="0" timestamp="2025-08-14T16:23:44 GMT-04:00">
  <testcase classname="testCases.Stack" name="open_stac_page" time="0.442"/>
  <testcase classname="testCases.Queue" name="open_queue_page" time="0.374"/>
  <testcase classname="testCases.Stack" name="stackOperations" time="1.068"/>
  <testcase classname="testCases.Queue" name="queueImplementation" time="0.874"/>
  <testcase classname="testCases.Stack" name="StackTryingEmptyEditor" time="2.219">
    <skipped/>
  </testcase> <!-- StackTryingEmptyEditor -->
  <testcase classname="testCases.Stack" name="StackTryingEmptyEditor" time="1.761">
    <skipped/>
  </testcase> <!-- StackTryingEmptyEditor -->
  <testcase classname="testCases.Stack" name="StackTryingEmptyEditor" time="1.965">
    <skipped/>
  </testcase> <!-- StackTryingEmptyEditor -->
  <testcase classname="testCases.Stack" name="StackTryingEmptyEditor" time="2.129">
    <failure type="java.lang.AssertionError" message="Failing this test case to show the bug which is, no alert message comes up when clicking on run button without entering anhy code in it">
      <![CDATA[java.lang.AssertionError: Failing this test case to show the bug which is, no alert message comes up when clicking on run button without entering anhy code in it
at testCases.Stack.StackTryingEmptyEditor(Stack.java:70)
at java.base/java.util.ArrayList.forEach(ArrayList.java:1596)
at java.base/java.util.concurrent.FutureTask.run(FutureTask.java:317)
at java.base/java.util.concurrent.ThreadPoolExecutor.runWorker(ThreadPoolExecutor.java:1144)
at java.base/java.util.concurrent.ThreadPoolExecutor$Worker.run(ThreadPoolExecutor.java:642)
at java.base/java.lang.Thread.run(Thread.java:1583)
... Removed 16 stack frames]]>
    </failure>
  </testcase> <!-- StackTryingEmptyEditor -->
  <testcase classname="testCases.Queue" name="queueImplementationCodeEditor" time="1.567"/>
  <testcase classname="testCases.Stack" name="StackTryingValidAndInvalidCode" time="1.648"/>
  <testcase classname="testCases.Stack" name="StackTryingValidAndInvalidCode" time="1.782"/>
</testsuite> <!-- Test_All_Modules_chrome -->
