<?xml version="1.0" encoding="UTF-8"?>
<!-- Generated by org.testng.reporters.JUnitXMLReporter -->
<testsuite ignored="0" hostname="DESKTOP-181TTAT" failures="2" tests="23" name="Test_All_Modules_edge" time="128.32" errors="0" timestamp="2025-08-14T17:30:23 GMT-04:00">
  <testcase classname="testCases.Stack" name="open_stac_page" time="0.458"/>
  <testcase classname="testCases.Queue" name="open_queue_page" time="0.326"/>
  <testcase classname="testCases.Stack" name="stackOperations" time="0.65"/>
  <testcase classname="testCases.Queue" name="queueImplementation" time="0.687"/>
  <testcase classname="testCases.Stack" name="stackoperationsCodeEditor" time="1.737"/>
  <testcase classname="testCases.Queue" name="queueImplementationCodeEditor" time="1.37"/>
  <testcase classname="testCases.Stack" name="StackTryingEmptyEditor" time="1.797">
    <skipped/>
  </testcase> <!-- StackTryingEmptyEditor -->
  <testcase classname="testCases.Stack" name="StackTryingEmptyEditor" time="1.847">
    <skipped/>
  </testcase> <!-- StackTryingEmptyEditor -->
  <testcase classname="testCases.Stack" name="StackTryingEmptyEditor" time="1.877">
    <skipped/>
  </testcase> <!-- StackTryingEmptyEditor -->
  <testcase classname="testCases.Stack" name="StackTryingEmptyEditor" time="1.613">
    <failure type="java.lang.AssertionError" message="Failing this test case to show the bug which is, no alert message comes up when clicking on run button without entering anhy code in it">
      <![CDATA[java.lang.AssertionError: Failing this test case to show the bug which is, no alert message comes up when clicking on run button without entering anhy code in it
at testCases.Stack.StackTryingEmptyEditor(Stack.java:72)
at java.base/java.util.ArrayList.forEach(ArrayList.java:1596)
at java.base/java.util.concurrent.FutureTask.run(FutureTask.java:317)
at java.base/java.util.concurrent.ThreadPoolExecutor.runWorker(ThreadPoolExecutor.java:1144)
at java.base/java.util.concurrent.ThreadPoolExecutor$Worker.run(ThreadPoolExecutor.java:642)
at java.base/java.lang.Thread.run(Thread.java:1583)
... Removed 16 stack frames]]>
    </failure>
  </testcase> <!-- StackTryingEmptyEditor -->
  <testcase classname="testCases.Queue" name="queueTryingEmptyEditor" time="1.938">
    <skipped/>
  </testcase> <!-- queueTryingEmptyEditor -->
  <testcase classname="testCases.Queue" name="queueTryingEmptyEditor" time="1.421">
    <skipped/>
  </testcase> <!-- queueTryingEmptyEditor -->
  <testcase classname="testCases.Queue" name="queueTryingEmptyEditor" time="1.627">
    <skipped/>
  </testcase> <!-- queueTryingEmptyEditor -->
  <testcase classname="testCases.Queue" name="queueTryingEmptyEditor" time="1.478">
    <failure type="java.lang.AssertionError" message="Failing this test case to show the bug which is, no alert message comes up when clicking on run button without entering anhy code in it">
      <![CDATA[java.lang.AssertionError: Failing this test case to show the bug which is, no alert message comes up when clicking on run button without entering anhy code in it
at testCases.Queue.queueTryingEmptyEditor(Queue.java:71)
at java.base/java.util.ArrayList.forEach(ArrayList.java:1596)
at java.base/java.util.concurrent.FutureTask.run(FutureTask.java:317)
at java.base/java.util.concurrent.ThreadPoolExecutor.runWorker(ThreadPoolExecutor.java:1144)
at java.base/java.util.concurrent.ThreadPoolExecutor$Worker.run(ThreadPoolExecutor.java:642)
at java.base/java.lang.Thread.run(Thread.java:1583)
... Removed 16 stack frames]]>
    </failure>
  </testcase> <!-- queueTryingEmptyEditor -->
  <testcase classname="testCases.Stack" name="StackTryingValidAndInvalidCode" time="1.786"/>
  <testcase classname="testCases.Stack" name="StackTryingValidAndInvalidCode" time="1.824"/>
  <testcase classname="testCases.Queue" name="queueTryingValidAndInvalidCode" time="1.655"/>
  <testcase classname="testCases.Queue" name="queueTryingValidAndInvalidCode" time="1.896"/>
  <testcase classname="testCases.Stack" name="stackimplementation" time="1.01"/>
  <testcase classname="testCases.Stack" name="stackimplementationCodeEditor" time="1.366"/>
  <testcase classname="testCases.Stack" name="stackapplication" time="0.916"/>
  <testcase classname="testCases.Stack" name="stackapplicationCodeEditor" time="1.417"/>
  <testcase classname="testCases.Stack" name="StackopenPracticeQuestions" time="1.017"/>
</testsuite> <!-- Test_All_Modules_edge -->
