<!DOCTYPE html PUBLIC "-//W3C//DTD XHTML 1.1//EN" "https://www.w3.org/TR/xhtml11/DTD/xhtml11.dtd">
<html xmlns="https://www.w3.org/1999/xhtml">
<head>
<meta http-equiv="content-type" content="text/html; charset=UTF-8"/>
<title>TestNG Report</title>
<style type="text/css">table {margin-bottom:10px;border-collapse:collapse;empty-cells:show}th,td {border:1px solid #009;padding:.25em .5em}th {vertical-align:bottom}td {vertical-align:top}table a {font-weight:bold}.stripe td {background-color: #E6EBF9}.num {text-align:right}.passedodd td {background-color: #3F3}.passedeven td {background-color: #0A0}.skippedodd td {background-color: #DDD}.skippedeven td {background-color: #CCC}.failedodd td,.attn {background-color: #F33}.failedeven td,.stripe .attn {background-color: #D00}.stacktrace {white-space:pre;font-family:monospace}.totop {font-size:85%;text-align:center;border-bottom:2px solid #000}.invisible {display:none}</style>
</head>
<body>
<table>
<tr><th>Test</th><th># Passed</th><th># Skipped</th><th># Retried</th><th># Failed</th><th>Time (ms)</th><th>Included Groups</th><th>Excluded Groups</th></tr>
<tr><th colspan="8">Suite</th></tr>
<tr><td><a href="#t0">chromeTest</a></td><td class="num">38</td><td class="num">0</td><td class="num attn">6</td><td class="num attn">2</td><td class="num">153,858</td><td></td><td></td></tr>
<tr class="stripe"><td><a href="#t1">firefoxTest</a></td><td class="num">38</td><td class="num">0</td><td class="num attn">6</td><td class="num attn">2</td><td class="num">221,219</td><td></td><td></td></tr>
<tr><th>Total</th><th class="num">76</th><th class="num">0</th><th class="num attn">12</th><th class="num attn">4</th><th class="num">375,077</th><th colspan="2"></th></tr>
</table>
<table id='summary'><thead><tr><th>Class</th><th>Method</th><th>Start</th><th>Time (ms)</th></tr></thead><tbody><tr><th colspan="4">Suite</th></tr></tbody><tbody id="t0"><tr><th colspan="4">chromeTest &#8212; failed</th></tr><tr class="failedeven"><td rowspan="2">testCases.ArrayTest</td><td><a href="#m0">testQ4ValidCode_Submit</a></td><td rowspan="1">1755857441186</td><td rowspan="1">1810</td></tr><tr class="failedeven"><td><a href="#m1">testTryEditorPageWithNoInput</a></td><td rowspan="1">1755857325388</td><td rowspan="1">794</td></tr><tr><th colspan="4">chromeTest &#8212; retried</th></tr><tr class="retriedeven"><td rowspan="6">testCases.ArrayTest</td><td><a href="#m2">testQ4ValidCode_Submit</a></td><td rowspan="3">1755857429626</td><td rowspan="3">1796</td></tr><tr class="retriedeven"><td><a href="#m3">testQ4ValidCode_Submit</a></td></tr><tr class="retriedeven"><td><a href="#m4">testQ4ValidCode_Submit</a></td></tr><tr class="retriedeven"><td><a href="#m5">testTryEditorPageWithNoInput</a></td><td rowspan="3">1755857316907</td><td rowspan="3">784</td></tr><tr class="retriedeven"><td><a href="#m6">testTryEditorPageWithNoInput</a></td></tr><tr class="retriedeven"><td><a href="#m7">testTryEditorPageWithNoInput</a></td></tr><tr><th colspan="4">chromeTest &#8212; passed</th></tr><tr class="passedeven"><td rowspan="38">testCases.ArrayTest</td><td><a href="#m8">arrayTryingValidAndInvalidCode</a></td><td rowspan="2">1755857331226</td><td rowspan="2">803</td></tr><tr class="passedeven"><td><a href="#m9">arrayTryingValidAndInvalidCode</a></td></tr><tr class="passedeven"><td><a href="#m10">testApplicationsOfArray</a></td><td rowspan="1">1755857303602</td><td rowspan="1">243</td></tr><tr class="passedeven"><td><a href="#m11">testArraysInPythonLink</a></td><td rowspan="1">1755857296609</td><td rowspan="1">381</td></tr><tr class="passedeven"><td><a href="#m12">testArraysUsingListLink</a></td><td rowspan="1">1755857298967</td><td rowspan="1">226</td></tr><tr class="passedeven"><td><a href="#m13">testBasicOperationsLink</a></td><td rowspan="1">1755857301167</td><td rowspan="1">215</td></tr><tr class="passedeven"><td><a href="#m14">testClickTryHereFromApplicationsLink</a></td><td rowspan="1">1755857314233</td><td rowspan="1">652</td></tr><tr class="passedeven"><td><a href="#m15">testClickTryHereFromListLink</a></td><td rowspan="1">1755857308792</td><td rowspan="1">657</td></tr><tr class="passedeven"><td><a href="#m16">testClickTryHereFromOperationsLink</a></td><td rowspan="1">1755857311544</td><td rowspan="1">655</td></tr><tr class="passedeven"><td><a href="#m17">testClickTryHereFromPythonLink</a></td><td rowspan="1">1755857305908</td><td rowspan="1">781</td></tr><tr class="passedeven"><td><a href="#m18">testPracticeQ1</a></td><td rowspan="1">1755857336311</td><td rowspan="1">1019</td></tr><tr class="passedeven"><td><a href="#m19">testPracticeQ2</a></td><td rowspan="1">1755857339283</td><td rowspan="1">887</td></tr><tr class="passedeven"><td><a href="#m20">testPracticeQ3</a></td><td rowspan="1">1755857342198</td><td rowspan="1">925</td></tr><tr class="passedeven"><td><a href="#m21">testPracticeQ4</a></td><td rowspan="1">1755857345047</td><td rowspan="1">901</td></tr><tr class="passedeven"><td><a href="#m22">testPracticeQuestionlink</a></td><td rowspan="1">1755857333980</td><td rowspan="1">450</td></tr><tr class="passedeven"><td><a href="#m23">testQ1InvalidCode_Run</a></td><td rowspan="1">1755857375570</td><td rowspan="1">1169</td></tr><tr class="passedeven"><td><a href="#m24">testQ1InvalidCode_Submit</a></td><td rowspan="1">1755857378840</td><td rowspan="1">1943</td></tr><tr class="passedeven"><td><a href="#m25">testQ1NoCode_Run</a></td><td rowspan="1">1755857348002</td><td rowspan="1">914</td></tr><tr class="passedeven"><td><a href="#m26">testQ1NoCode_Submit</a></td><td rowspan="1">1755857350884</td><td rowspan="1">2222</td></tr><tr class="passedeven"><td><a href="#m27">testQ1ValidCode_Run</a></td><td rowspan="1">1755857382860</td><td rowspan="1">1569</td></tr><tr class="passedeven"><td><a href="#m28">testQ1ValidCode_Submit</a></td><td rowspan="1">1755857386731</td><td rowspan="1">2151</td></tr><tr class="passedeven"><td><a href="#m29">testQ2InvalidCode_Run</a></td><td rowspan="1">1755857390810</td><td rowspan="1">1253</td></tr><tr class="passedeven"><td><a href="#m30">testQ2InvalidCode_Submit</a></td><td rowspan="1">1755857394037</td><td rowspan="1">1925</td></tr><tr class="passedeven"><td><a href="#m31">testQ2NoCode_Run</a></td><td rowspan="1">1755857355062</td><td rowspan="1">1168</td></tr><tr class="passedeven"><td><a href="#m32">testQ2NoCode_Submit</a></td><td rowspan="1">1755857358415</td><td rowspan="1">1772</td></tr><tr class="passedeven"><td><a href="#m33">testQ2ValidCode_Run</a></td><td rowspan="1">1755857397953</td><td rowspan="1">1298</td></tr><tr class="passedeven"><td><a href="#m34">testQ2ValidCode_Submit</a></td><td rowspan="1">1755857401336</td><td rowspan="1">1818</td></tr><tr class="passedeven"><td><a href="#m35">testQ3InvalidCode_Run</a></td><td rowspan="1">1755857405079</td><td rowspan="1">1178</td></tr><tr class="passedeven"><td><a href="#m36">testQ3InvalidCode_Submit</a></td><td rowspan="1">1755857408302</td><td rowspan="1">1870</td></tr><tr class="passedeven"><td><a href="#m37">testQ3NoCode_Run</a></td><td rowspan="1">1755857362081</td><td rowspan="1">1089</td></tr><tr class="passedeven"><td><a href="#m38">testQ3NoCode_Submit</a></td><td rowspan="1">1755857365193</td><td rowspan="1">1735</td></tr><tr class="passedeven"><td><a href="#m39">testQ3ValidCode_Run</a></td><td rowspan="1">1755857412126</td><td rowspan="1">1240</td></tr><tr class="passedeven"><td><a href="#m40">testQ3ValidCode_Submit</a></td><td rowspan="1">1755857415360</td><td rowspan="1">1940</td></tr><tr class="passedeven"><td><a href="#m41">testQ4InvalidCode_Run</a></td><td rowspan="1">1755857419293</td><td rowspan="1">1130</td></tr><tr class="passedeven"><td><a href="#m42">testQ4InvalidCode_Submit</a></td><td rowspan="1">1755857422365</td><td rowspan="1">1942</td></tr><tr class="passedeven"><td><a href="#m43">testQ4NoCode_Run</a></td><td rowspan="1">1755857368931</td><td rowspan="1">923</td></tr><tr class="passedeven"><td><a href="#m44">testQ4NoCode_Submit</a></td><td rowspan="1">1755857371830</td><td rowspan="1">1825</td></tr><tr class="passedeven"><td><a href="#m45">testQ4ValidCode_Run</a></td><td rowspan="1">1755857426182</td><td rowspan="1">1332</td></tr></tbody>
<tbody id="t1"><tr><th colspan="4">firefoxTest &#8212; failed</th></tr><tr class="failedeven"><td rowspan="2">testCases.ArrayTest</td><td><a href="#m46">testQ4ValidCode_Submit</a></td><td rowspan="1">1755857507670</td><td rowspan="1">2431</td></tr><tr class="failedeven"><td><a href="#m47">testTryEditorPageWithNoInput</a></td><td rowspan="1">1755857337356</td><td rowspan="1">1163</td></tr><tr><th colspan="4">firefoxTest &#8212; retried</th></tr><tr class="retriedeven"><td rowspan="6">testCases.ArrayTest</td><td><a href="#m48">testQ4ValidCode_Submit</a></td><td rowspan="3">1755857490979</td><td rowspan="3">2365</td></tr><tr class="retriedeven"><td><a href="#m49">testQ4ValidCode_Submit</a></td></tr><tr class="retriedeven"><td><a href="#m50">testQ4ValidCode_Submit</a></td></tr><tr class="retriedeven"><td><a href="#m51">testTryEditorPageWithNoInput</a></td><td rowspan="3">1755857333029</td><td rowspan="3">1049</td></tr><tr class="retriedeven"><td><a href="#m52">testTryEditorPageWithNoInput</a></td></tr><tr class="retriedeven"><td><a href="#m53">testTryEditorPageWithNoInput</a></td></tr><tr><th colspan="4">firefoxTest &#8212; passed</th></tr><tr class="passedeven"><td rowspan="38">testCases.ArrayTest</td><td><a href="#m54">arrayTryingValidAndInvalidCode</a></td><td rowspan="2">1755857346208</td><td rowspan="2">919</td></tr><tr class="passedeven"><td><a href="#m55">arrayTryingValidAndInvalidCode</a></td></tr><tr class="passedeven"><td><a href="#m56">testApplicationsOfArray</a></td><td rowspan="1">1755857303897</td><td rowspan="1">204</td></tr><tr class="passedeven"><td><a href="#m57">testArraysInPythonLink</a></td><td rowspan="1">1755857292689</td><td rowspan="1">839</td></tr><tr class="passedeven"><td><a href="#m58">testArraysUsingListLink</a></td><td rowspan="1">1755857296777</td><td rowspan="1">182</td></tr><tr class="passedeven"><td><a href="#m59">testBasicOperationsLink</a></td><td rowspan="1">1755857300157</td><td rowspan="1">200</td></tr><tr class="passedeven"><td><a href="#m60">testClickTryHereFromApplicationsLink</a></td><td rowspan="1">1755857320216</td><td rowspan="1">859</td></tr><tr class="passedeven"><td><a href="#m61">testClickTryHereFromListLink</a></td><td rowspan="1">1755857311695</td><td rowspan="1">809</td></tr><tr class="passedeven"><td><a href="#m62">testClickTryHereFromOperationsLink</a></td><td rowspan="1">1755857316018</td><td rowspan="1">806</td></tr><tr class="passedeven"><td><a href="#m63">testClickTryHereFromPythonLink</a></td><td rowspan="1">1755857307295</td><td rowspan="1">864</td></tr><tr class="passedeven"><td><a href="#m64">testPracticeQ1</a></td><td rowspan="1">1755857354034</td><td rowspan="1">1095</td></tr><tr class="passedeven"><td><a href="#m65">testPracticeQ2</a></td><td rowspan="1">1755857358516</td><td rowspan="1">1004</td></tr><tr class="passedeven"><td><a href="#m66">testPracticeQ3</a></td><td rowspan="1">1755857362940</td><td rowspan="1">1075</td></tr><tr class="passedeven"><td><a href="#m67">testPracticeQ4</a></td><td rowspan="1">1755857367468</td><td rowspan="1">1005</td></tr><tr class="passedeven"><td><a href="#m68">testPracticeQuestionlink</a></td><td rowspan="1">1755857350420</td><td rowspan="1">516</td></tr><tr class="passedeven"><td><a href="#m69">testQ1InvalidCode_Run</a></td><td rowspan="1">1755857411142</td><td rowspan="1">1379</td></tr><tr class="passedeven"><td><a href="#m70">testQ1InvalidCode_Submit</a></td><td rowspan="1">1755857415936</td><td rowspan="1">2423</td></tr><tr class="passedeven"><td><a href="#m71">testQ1NoCode_Run</a></td><td rowspan="1">1755857371921</td><td rowspan="1">1056</td></tr><tr class="passedeven"><td><a href="#m72">testQ1NoCode_Submit</a></td><td rowspan="1">1755857376254</td><td rowspan="1">2105</td></tr><tr class="passedeven"><td><a href="#m73">testQ1ValidCode_Run</a></td><td rowspan="1">1755857421592</td><td rowspan="1">2203</td></tr><tr class="passedeven"><td><a href="#m74">testQ1ValidCode_Submit</a></td><td rowspan="1">1755857427167</td><td rowspan="1">2538</td></tr><tr class="passedeven"><td><a href="#m75">testQ2InvalidCode_Run</a></td><td rowspan="1">1755857432921</td><td rowspan="1">1467</td></tr><tr class="passedeven"><td><a href="#m76">testQ2InvalidCode_Submit</a></td><td rowspan="1">1755857437623</td><td rowspan="1">2419</td></tr><tr class="passedeven"><td><a href="#m77">testQ2NoCode_Run</a></td><td rowspan="1">1755857381606</td><td rowspan="1">1116</td></tr><tr class="passedeven"><td><a href="#m78">testQ2NoCode_Submit</a></td><td rowspan="1">1755857386186</td><td rowspan="1">2152</td></tr><tr class="passedeven"><td><a href="#m79">testQ2ValidCode_Run</a></td><td rowspan="1">1755857443330</td><td rowspan="1">1856</td></tr><tr class="passedeven"><td><a href="#m80">testQ2ValidCode_Submit</a></td><td rowspan="1">1755857448377</td><td rowspan="1">2379</td></tr><tr class="passedeven"><td><a href="#m81">testQ3InvalidCode_Run</a></td><td rowspan="1">1755857453932</td><td rowspan="1">1465</td></tr><tr class="passedeven"><td><a href="#m82">testQ3InvalidCode_Submit</a></td><td rowspan="1">1755857458544</td><td rowspan="1">2548</td></tr><tr class="passedeven"><td><a href="#m83">testQ3NoCode_Run</a></td><td rowspan="1">1755857391713</td><td rowspan="1">1089</td></tr><tr class="passedeven"><td><a href="#m84">testQ3NoCode_Submit</a></td><td rowspan="1">1755857396158</td><td rowspan="1">2012</td></tr><tr class="passedeven"><td><a href="#m85">testQ3ValidCode_Run</a></td><td rowspan="1">1755857464351</td><td rowspan="1">1876</td></tr><tr class="passedeven"><td><a href="#m86">testQ3ValidCode_Submit</a></td><td rowspan="1">1755857469500</td><td rowspan="1">2418</td></tr><tr class="passedeven"><td><a href="#m87">testQ4InvalidCode_Run</a></td><td rowspan="1">1755857475136</td><td rowspan="1">1551</td></tr><tr class="passedeven"><td><a href="#m88">testQ4InvalidCode_Submit</a></td><td rowspan="1">1755857480046</td><td rowspan="1">2567</td></tr><tr class="passedeven"><td><a href="#m89">testQ4NoCode_Run</a></td><td rowspan="1">1755857401425</td><td rowspan="1">1098</td></tr><tr class="passedeven"><td><a href="#m90">testQ4NoCode_Submit</a></td><td rowspan="1">1755857405789</td><td rowspan="1">2122</td></tr><tr class="passedeven"><td><a href="#m91">testQ4ValidCode_Run</a></td><td rowspan="1">1755857485916</td><td rowspan="1">1893</td></tr></tbody>
</table>
<h2>chromeTest</h2><h3 id="m0">testCases.ArrayTest#testQ4ValidCode_Submit</h3><table class="result"><tr><th>Exception</th></tr><tr><td><div class="stacktrace">java.lang.AssertionError: expected [ No tests were collected] but found [Submission Successful]
	at testCases.ArrayTest.testQ4ValidCode_Submit(ArrayTest.java:521)
	at java.base/java.util.ArrayList.forEach(ArrayList.java:1596)
	at java.base/java.util.concurrent.FutureTask.run(FutureTask.java:317)
	at java.base/java.util.concurrent.ThreadPoolExecutor.runWorker(ThreadPoolExecutor.java:1144)
	at java.base/java.util.concurrent.ThreadPoolExecutor$Worker.run(ThreadPoolExecutor.java:642)
	at java.base/java.lang.Thread.run(Thread.java:1583)
... Removed 21 stack frames</div></td></tr></table><p class="totop"><a href="#summary">back to summary</a></p>
<h3 id="m1">testCases.ArrayTest#testTryEditorPageWithNoInput</h3><table class="result"><tr><th>Exception</th></tr><tr><td><div class="stacktrace">org.openqa.selenium.NoAlertPresentException: no such alert
  (Session info: chrome=139.0.7258.139)
Build info: version: &apos;4.33.0&apos;, revision: &apos;2c6aaad03a&apos;
System info: os.name: &apos;Mac OS X&apos;, os.arch: &apos;aarch64&apos;, os.version: &apos;15.5&apos;, java.version: &apos;21.0.7&apos;
Driver info: org.openqa.selenium.chrome.ChromeDriver
Command: [af428dfbf93e84f9d22aed53a807a68a, getAlertText {}]
Capabilities {acceptInsecureCerts: false, browserName: chrome, browserVersion: 139.0.7258.139, chrome: {chromedriverVersion: 139.0.7258.138 (884e54ea8d4..., userDataDir: /var/folders/0b/48sgl7yd1lq...}, fedcm:accounts: true, goog:chromeOptions: {debuggerAddress: localhost:60235}, networkConnectionEnabled: false, pageLoadStrategy: normal, platformName: mac, proxy: Proxy(), se:cdp: ws://localhost:60235/devtoo..., se:cdpVersion: 139.0.7258.139, setWindowRect: true, strictFileInteractability: false, timeouts: {implicit: 0, pageLoad: 300000, script: 30000}, unhandledPromptBehavior: dismiss and notify, webauthn:extension:credBlob: true, webauthn:extension:largeBlob: true, webauthn:extension:minPinLength: true, webauthn:extension:prf: true, webauthn:virtualAuthenticators: true}
Session ID: af428dfbf93e84f9d22aed53a807a68a
	at org.openqa.selenium.remote.ErrorCodec.decode(ErrorCodec.java:167)
	at org.openqa.selenium.remote.codec.w3c.W3CHttpResponseCodec.decode(W3CHttpResponseCodec.java:138)
	at org.openqa.selenium.remote.codec.w3c.W3CHttpResponseCodec.decode(W3CHttpResponseCodec.java:50)
	at org.openqa.selenium.remote.HttpCommandExecutor.execute(HttpCommandExecutor.java:215)
	at org.openqa.selenium.remote.service.DriverCommandExecutor.invokeExecute(DriverCommandExecutor.java:216)
	at org.openqa.selenium.remote.service.DriverCommandExecutor.execute(DriverCommandExecutor.java:174)
	at org.openqa.selenium.remote.RemoteWebDriver.execute(RemoteWebDriver.java:544)
	at org.openqa.selenium.remote.RemoteWebDriver.execute(RemoteWebDriver.java:617)
	at org.openqa.selenium.remote.RemoteWebDriver.execute(RemoteWebDriver.java:621)
	at org.openqa.selenium.remote.RemoteWebDriver$RemoteTargetLocator.alert(RemoteWebDriver.java:1175)
	at pageFactory.BasePage.alert_message(BasePage.java:121)
	at testCases.ArrayTest.testTryEditorPageWithNoInput(ArrayTest.java:131)
	at java.base/java.util.ArrayList.forEach(ArrayList.java:1596)
	at java.base/java.util.concurrent.FutureTask.run(FutureTask.java:317)
	at java.base/java.util.concurrent.ThreadPoolExecutor.runWorker(ThreadPoolExecutor.java:1144)
	at java.base/java.util.concurrent.ThreadPoolExecutor$Worker.run(ThreadPoolExecutor.java:642)
	at java.base/java.lang.Thread.run(Thread.java:1583)
... Removed 18 stack frames</div></td></tr></table><p class="totop"><a href="#summary">back to summary</a></p>
<h3 id="m2">testCases.ArrayTest#testQ4ValidCode_Submit</h3><table class="result"><tr><th>Exception</th></tr><tr><td><div class="stacktrace">java.lang.AssertionError: expected [ No tests were collected] but found [Submission Successful]
	at testCases.ArrayTest.testQ4ValidCode_Submit(ArrayTest.java:521)
	at java.base/java.util.ArrayList.forEach(ArrayList.java:1596)
	at java.base/java.util.concurrent.FutureTask.run(FutureTask.java:317)
	at java.base/java.util.concurrent.ThreadPoolExecutor.runWorker(ThreadPoolExecutor.java:1144)
	at java.base/java.util.concurrent.ThreadPoolExecutor$Worker.run(ThreadPoolExecutor.java:642)
	at java.base/java.lang.Thread.run(Thread.java:1583)
... Removed 21 stack frames</div></td></tr></table><p class="totop"><a href="#summary">back to summary</a></p>
<h3 id="m3">testCases.ArrayTest#testQ4ValidCode_Submit</h3><table class="result"><tr><th>Exception</th></tr><tr><td><div class="stacktrace">java.lang.AssertionError: expected [ No tests were collected] but found [Submission Successful]
	at testCases.ArrayTest.testQ4ValidCode_Submit(ArrayTest.java:521)
	at java.base/java.util.ArrayList.forEach(ArrayList.java:1596)
	at java.base/java.util.concurrent.FutureTask.run(FutureTask.java:317)
	at java.base/java.util.concurrent.ThreadPoolExecutor.runWorker(ThreadPoolExecutor.java:1144)
	at java.base/java.util.concurrent.ThreadPoolExecutor$Worker.run(ThreadPoolExecutor.java:642)
	at java.base/java.lang.Thread.run(Thread.java:1583)
... Removed 21 stack frames</div></td></tr></table><p class="totop"><a href="#summary">back to summary</a></p>
<h3 id="m4">testCases.ArrayTest#testQ4ValidCode_Submit</h3><table class="result"><tr><th>Exception</th></tr><tr><td><div class="stacktrace">java.lang.AssertionError: expected [ No tests were collected] but found [Submission Successful]
	at testCases.ArrayTest.testQ4ValidCode_Submit(ArrayTest.java:521)
	at java.base/java.util.ArrayList.forEach(ArrayList.java:1596)
	at java.base/java.util.concurrent.FutureTask.run(FutureTask.java:317)
	at java.base/java.util.concurrent.ThreadPoolExecutor.runWorker(ThreadPoolExecutor.java:1144)
	at java.base/java.util.concurrent.ThreadPoolExecutor$Worker.run(ThreadPoolExecutor.java:642)
	at java.base/java.lang.Thread.run(Thread.java:1583)
... Removed 21 stack frames</div></td></tr></table><p class="totop"><a href="#summary">back to summary</a></p>
<h3 id="m5">testCases.ArrayTest#testTryEditorPageWithNoInput</h3><table class="result"><tr><th>Exception</th></tr><tr><td><div class="stacktrace">org.openqa.selenium.NoAlertPresentException: no such alert
  (Session info: chrome=139.0.7258.139)
Build info: version: &apos;4.33.0&apos;, revision: &apos;2c6aaad03a&apos;
System info: os.name: &apos;Mac OS X&apos;, os.arch: &apos;aarch64&apos;, os.version: &apos;15.5&apos;, java.version: &apos;21.0.7&apos;
Driver info: org.openqa.selenium.chrome.ChromeDriver
Command: [d0db08809e33407eeb6c7ff41d378c21, getAlertText {}]
Capabilities {acceptInsecureCerts: false, browserName: chrome, browserVersion: 139.0.7258.139, chrome: {chromedriverVersion: 139.0.7258.138 (884e54ea8d4..., userDataDir: /var/folders/0b/48sgl7yd1lq...}, fedcm:accounts: true, goog:chromeOptions: {debuggerAddress: localhost:60023}, networkConnectionEnabled: false, pageLoadStrategy: normal, platformName: mac, proxy: Proxy(), se:cdp: ws://localhost:60023/devtoo..., se:cdpVersion: 139.0.7258.139, setWindowRect: true, strictFileInteractability: false, timeouts: {implicit: 0, pageLoad: 300000, script: 30000}, unhandledPromptBehavior: dismiss and notify, webauthn:extension:credBlob: true, webauthn:extension:largeBlob: true, webauthn:extension:minPinLength: true, webauthn:extension:prf: true, webauthn:virtualAuthenticators: true}
Session ID: d0db08809e33407eeb6c7ff41d378c21
	at org.openqa.selenium.remote.ErrorCodec.decode(ErrorCodec.java:167)
	at org.openqa.selenium.remote.codec.w3c.W3CHttpResponseCodec.decode(W3CHttpResponseCodec.java:138)
	at org.openqa.selenium.remote.codec.w3c.W3CHttpResponseCodec.decode(W3CHttpResponseCodec.java:50)
	at org.openqa.selenium.remote.HttpCommandExecutor.execute(HttpCommandExecutor.java:215)
	at org.openqa.selenium.remote.service.DriverCommandExecutor.invokeExecute(DriverCommandExecutor.java:216)
	at org.openqa.selenium.remote.service.DriverCommandExecutor.execute(DriverCommandExecutor.java:174)
	at org.openqa.selenium.remote.RemoteWebDriver.execute(RemoteWebDriver.java:544)
	at org.openqa.selenium.remote.RemoteWebDriver.execute(RemoteWebDriver.java:617)
	at org.openqa.selenium.remote.RemoteWebDriver.execute(RemoteWebDriver.java:621)
	at org.openqa.selenium.remote.RemoteWebDriver$RemoteTargetLocator.alert(RemoteWebDriver.java:1175)
	at pageFactory.BasePage.alert_message(BasePage.java:121)
	at testCases.ArrayTest.testTryEditorPageWithNoInput(ArrayTest.java:131)
	at java.base/java.util.ArrayList.forEach(ArrayList.java:1596)
	at java.base/java.util.concurrent.FutureTask.run(FutureTask.java:317)
	at java.base/java.util.concurrent.ThreadPoolExecutor.runWorker(ThreadPoolExecutor.java:1144)
	at java.base/java.util.concurrent.ThreadPoolExecutor$Worker.run(ThreadPoolExecutor.java:642)
	at java.base/java.lang.Thread.run(Thread.java:1583)
... Removed 18 stack frames</div></td></tr></table><p class="totop"><a href="#summary">back to summary</a></p>
<h3 id="m6">testCases.ArrayTest#testTryEditorPageWithNoInput</h3><table class="result"><tr><th>Exception</th></tr><tr><td><div class="stacktrace">org.openqa.selenium.NoAlertPresentException: no such alert
  (Session info: chrome=139.0.7258.139)
Build info: version: &apos;4.33.0&apos;, revision: &apos;2c6aaad03a&apos;
System info: os.name: &apos;Mac OS X&apos;, os.arch: &apos;aarch64&apos;, os.version: &apos;15.5&apos;, java.version: &apos;21.0.7&apos;
Driver info: org.openqa.selenium.chrome.ChromeDriver
Command: [0d60675c3e5a626348d2778475f28209, getAlertText {}]
Capabilities {acceptInsecureCerts: false, browserName: chrome, browserVersion: 139.0.7258.139, chrome: {chromedriverVersion: 139.0.7258.138 (884e54ea8d4..., userDataDir: /var/folders/0b/48sgl7yd1lq...}, fedcm:accounts: true, goog:chromeOptions: {debuggerAddress: localhost:60145}, networkConnectionEnabled: false, pageLoadStrategy: normal, platformName: mac, proxy: Proxy(), se:cdp: ws://localhost:60145/devtoo..., se:cdpVersion: 139.0.7258.139, setWindowRect: true, strictFileInteractability: false, timeouts: {implicit: 0, pageLoad: 300000, script: 30000}, unhandledPromptBehavior: dismiss and notify, webauthn:extension:credBlob: true, webauthn:extension:largeBlob: true, webauthn:extension:minPinLength: true, webauthn:extension:prf: true, webauthn:virtualAuthenticators: true}
Session ID: 0d60675c3e5a626348d2778475f28209
	at org.openqa.selenium.remote.ErrorCodec.decode(ErrorCodec.java:167)
	at org.openqa.selenium.remote.codec.w3c.W3CHttpResponseCodec.decode(W3CHttpResponseCodec.java:138)
	at org.openqa.selenium.remote.codec.w3c.W3CHttpResponseCodec.decode(W3CHttpResponseCodec.java:50)
	at org.openqa.selenium.remote.HttpCommandExecutor.execute(HttpCommandExecutor.java:215)
	at org.openqa.selenium.remote.service.DriverCommandExecutor.invokeExecute(DriverCommandExecutor.java:216)
	at org.openqa.selenium.remote.service.DriverCommandExecutor.execute(DriverCommandExecutor.java:174)
	at org.openqa.selenium.remote.RemoteWebDriver.execute(RemoteWebDriver.java:544)
	at org.openqa.selenium.remote.RemoteWebDriver.execute(RemoteWebDriver.java:617)
	at org.openqa.selenium.remote.RemoteWebDriver.execute(RemoteWebDriver.java:621)
	at org.openqa.selenium.remote.RemoteWebDriver$RemoteTargetLocator.alert(RemoteWebDriver.java:1175)
	at pageFactory.BasePage.alert_message(BasePage.java:121)
	at testCases.ArrayTest.testTryEditorPageWithNoInput(ArrayTest.java:131)
	at java.base/java.util.ArrayList.forEach(ArrayList.java:1596)
	at java.base/java.util.concurrent.FutureTask.run(FutureTask.java:317)
	at java.base/java.util.concurrent.ThreadPoolExecutor.runWorker(ThreadPoolExecutor.java:1144)
	at java.base/java.util.concurrent.ThreadPoolExecutor$Worker.run(ThreadPoolExecutor.java:642)
	at java.base/java.lang.Thread.run(Thread.java:1583)
... Removed 18 stack frames</div></td></tr></table><p class="totop"><a href="#summary">back to summary</a></p>
<h3 id="m7">testCases.ArrayTest#testTryEditorPageWithNoInput</h3><table class="result"><tr><th>Exception</th></tr><tr><td><div class="stacktrace">org.openqa.selenium.NoAlertPresentException: no such alert
  (Session info: chrome=139.0.7258.139)
Build info: version: &apos;4.33.0&apos;, revision: &apos;2c6aaad03a&apos;
System info: os.name: &apos;Mac OS X&apos;, os.arch: &apos;aarch64&apos;, os.version: &apos;15.5&apos;, java.version: &apos;21.0.7&apos;
Driver info: org.openqa.selenium.chrome.ChromeDriver
Command: [966ddc516e99b01990e10c91af58af44, getAlertText {}]
Capabilities {acceptInsecureCerts: false, browserName: chrome, browserVersion: 139.0.7258.139, chrome: {chromedriverVersion: 139.0.7258.138 (884e54ea8d4..., userDataDir: /var/folders/0b/48sgl7yd1lq...}, fedcm:accounts: true, goog:chromeOptions: {debuggerAddress: localhost:60090}, networkConnectionEnabled: false, pageLoadStrategy: normal, platformName: mac, proxy: Proxy(), se:cdp: ws://localhost:60090/devtoo..., se:cdpVersion: 139.0.7258.139, setWindowRect: true, strictFileInteractability: false, timeouts: {implicit: 0, pageLoad: 300000, script: 30000}, unhandledPromptBehavior: dismiss and notify, webauthn:extension:credBlob: true, webauthn:extension:largeBlob: true, webauthn:extension:minPinLength: true, webauthn:extension:prf: true, webauthn:virtualAuthenticators: true}
Session ID: 966ddc516e99b01990e10c91af58af44
	at org.openqa.selenium.remote.ErrorCodec.decode(ErrorCodec.java:167)
	at org.openqa.selenium.remote.codec.w3c.W3CHttpResponseCodec.decode(W3CHttpResponseCodec.java:138)
	at org.openqa.selenium.remote.codec.w3c.W3CHttpResponseCodec.decode(W3CHttpResponseCodec.java:50)
	at org.openqa.selenium.remote.HttpCommandExecutor.execute(HttpCommandExecutor.java:215)
	at org.openqa.selenium.remote.service.DriverCommandExecutor.invokeExecute(DriverCommandExecutor.java:216)
	at org.openqa.selenium.remote.service.DriverCommandExecutor.execute(DriverCommandExecutor.java:174)
	at org.openqa.selenium.remote.RemoteWebDriver.execute(RemoteWebDriver.java:544)
	at org.openqa.selenium.remote.RemoteWebDriver.execute(RemoteWebDriver.java:617)
	at org.openqa.selenium.remote.RemoteWebDriver.execute(RemoteWebDriver.java:621)
	at org.openqa.selenium.remote.RemoteWebDriver$RemoteTargetLocator.alert(RemoteWebDriver.java:1175)
	at pageFactory.BasePage.alert_message(BasePage.java:121)
	at testCases.ArrayTest.testTryEditorPageWithNoInput(ArrayTest.java:131)
	at java.base/java.util.ArrayList.forEach(ArrayList.java:1596)
	at java.base/java.util.concurrent.FutureTask.run(FutureTask.java:317)
	at java.base/java.util.concurrent.ThreadPoolExecutor.runWorker(ThreadPoolExecutor.java:1144)
	at java.base/java.util.concurrent.ThreadPoolExecutor$Worker.run(ThreadPoolExecutor.java:642)
	at java.base/java.lang.Thread.run(Thread.java:1583)
... Removed 18 stack frames</div></td></tr></table><p class="totop"><a href="#summary">back to summary</a></p>
<h3 id="m8">testCases.ArrayTest#arrayTryingValidAndInvalidCode</h3><table class="result"><tr class="param"><th>Parameter #1</th><th>Parameter #2</th><th>Parameter #3</th></tr><tr class="param stripe"><td>InvalidCode</td><td>hello</td><td>NameError: name &apos;hello&apos; is not defined on line 1</td></tr></table><p class="totop"><a href="#summary">back to summary</a></p>
<h3 id="m9">testCases.ArrayTest#arrayTryingValidAndInvalidCode</h3><table class="result"><tr class="param"><th>Parameter #1</th><th>Parameter #2</th><th>Parameter #3</th></tr><tr class="param stripe"><td>ValidCode</td><td>print(&quot;hello&quot;)</td><td>hello</td></tr></table><p class="totop"><a href="#summary">back to summary</a></p>
<h3 id="m10">testCases.ArrayTest#testApplicationsOfArray</h3><table class="result"><tr><th class="invisible"/></tr></table><p class="totop"><a href="#summary">back to summary</a></p>
<h3 id="m11">testCases.ArrayTest#testArraysInPythonLink</h3><table class="result"><tr><th class="invisible"/></tr></table><p class="totop"><a href="#summary">back to summary</a></p>
<h3 id="m12">testCases.ArrayTest#testArraysUsingListLink</h3><table class="result"><tr><th class="invisible"/></tr></table><p class="totop"><a href="#summary">back to summary</a></p>
<h3 id="m13">testCases.ArrayTest#testBasicOperationsLink</h3><table class="result"><tr><th class="invisible"/></tr></table><p class="totop"><a href="#summary">back to summary</a></p>
<h3 id="m14">testCases.ArrayTest#testClickTryHereFromApplicationsLink</h3><table class="result"><tr><th class="invisible"/></tr></table><p class="totop"><a href="#summary">back to summary</a></p>
<h3 id="m15">testCases.ArrayTest#testClickTryHereFromListLink</h3><table class="result"><tr><th class="invisible"/></tr></table><p class="totop"><a href="#summary">back to summary</a></p>
<h3 id="m16">testCases.ArrayTest#testClickTryHereFromOperationsLink</h3><table class="result"><tr><th class="invisible"/></tr></table><p class="totop"><a href="#summary">back to summary</a></p>
<h3 id="m17">testCases.ArrayTest#testClickTryHereFromPythonLink</h3><table class="result"><tr><th class="invisible"/></tr></table><p class="totop"><a href="#summary">back to summary</a></p>
<h3 id="m18">testCases.ArrayTest#testPracticeQ1</h3><table class="result"><tr><th class="invisible"/></tr></table><p class="totop"><a href="#summary">back to summary</a></p>
<h3 id="m19">testCases.ArrayTest#testPracticeQ2</h3><table class="result"><tr><th class="invisible"/></tr></table><p class="totop"><a href="#summary">back to summary</a></p>
<h3 id="m20">testCases.ArrayTest#testPracticeQ3</h3><table class="result"><tr><th class="invisible"/></tr></table><p class="totop"><a href="#summary">back to summary</a></p>
<h3 id="m21">testCases.ArrayTest#testPracticeQ4</h3><table class="result"><tr><th class="invisible"/></tr></table><p class="totop"><a href="#summary">back to summary</a></p>
<h3 id="m22">testCases.ArrayTest#testPracticeQuestionlink</h3><table class="result"><tr><th class="invisible"/></tr></table><p class="totop"><a href="#summary">back to summary</a></p>
<h3 id="m23">testCases.ArrayTest#testQ1InvalidCode_Run</h3><table class="result"><tr><th class="invisible"/></tr></table><p class="totop"><a href="#summary">back to summary</a></p>
<h3 id="m24">testCases.ArrayTest#testQ1InvalidCode_Submit</h3><table class="result"><tr><th class="invisible"/></tr></table><p class="totop"><a href="#summary">back to summary</a></p>
<h3 id="m25">testCases.ArrayTest#testQ1NoCode_Run</h3><table class="result"><tr><th class="invisible"/></tr></table><p class="totop"><a href="#summary">back to summary</a></p>
<h3 id="m26">testCases.ArrayTest#testQ1NoCode_Submit</h3><table class="result"><tr><th class="invisible"/></tr></table><p class="totop"><a href="#summary">back to summary</a></p>
<h3 id="m27">testCases.ArrayTest#testQ1ValidCode_Run</h3><table class="result"><tr><th class="invisible"/></tr></table><p class="totop"><a href="#summary">back to summary</a></p>
<h3 id="m28">testCases.ArrayTest#testQ1ValidCode_Submit</h3><table class="result"><tr><th class="invisible"/></tr></table><p class="totop"><a href="#summary">back to summary</a></p>
<h3 id="m29">testCases.ArrayTest#testQ2InvalidCode_Run</h3><table class="result"><tr><th class="invisible"/></tr></table><p class="totop"><a href="#summary">back to summary</a></p>
<h3 id="m30">testCases.ArrayTest#testQ2InvalidCode_Submit</h3><table class="result"><tr><th class="invisible"/></tr></table><p class="totop"><a href="#summary">back to summary</a></p>
<h3 id="m31">testCases.ArrayTest#testQ2NoCode_Run</h3><table class="result"><tr><th class="invisible"/></tr></table><p class="totop"><a href="#summary">back to summary</a></p>
<h3 id="m32">testCases.ArrayTest#testQ2NoCode_Submit</h3><table class="result"><tr><th class="invisible"/></tr></table><p class="totop"><a href="#summary">back to summary</a></p>
<h3 id="m33">testCases.ArrayTest#testQ2ValidCode_Run</h3><table class="result"><tr><th class="invisible"/></tr></table><p class="totop"><a href="#summary">back to summary</a></p>
<h3 id="m34">testCases.ArrayTest#testQ2ValidCode_Submit</h3><table class="result"><tr><th class="invisible"/></tr></table><p class="totop"><a href="#summary">back to summary</a></p>
<h3 id="m35">testCases.ArrayTest#testQ3InvalidCode_Run</h3><table class="result"><tr><th class="invisible"/></tr></table><p class="totop"><a href="#summary">back to summary</a></p>
<h3 id="m36">testCases.ArrayTest#testQ3InvalidCode_Submit</h3><table class="result"><tr><th class="invisible"/></tr></table><p class="totop"><a href="#summary">back to summary</a></p>
<h3 id="m37">testCases.ArrayTest#testQ3NoCode_Run</h3><table class="result"><tr><th class="invisible"/></tr></table><p class="totop"><a href="#summary">back to summary</a></p>
<h3 id="m38">testCases.ArrayTest#testQ3NoCode_Submit</h3><table class="result"><tr><th class="invisible"/></tr></table><p class="totop"><a href="#summary">back to summary</a></p>
<h3 id="m39">testCases.ArrayTest#testQ3ValidCode_Run</h3><table class="result"><tr><th class="invisible"/></tr></table><p class="totop"><a href="#summary">back to summary</a></p>
<h3 id="m40">testCases.ArrayTest#testQ3ValidCode_Submit</h3><table class="result"><tr><th class="invisible"/></tr></table><p class="totop"><a href="#summary">back to summary</a></p>
<h3 id="m41">testCases.ArrayTest#testQ4InvalidCode_Run</h3><table class="result"><tr><th class="invisible"/></tr></table><p class="totop"><a href="#summary">back to summary</a></p>
<h3 id="m42">testCases.ArrayTest#testQ4InvalidCode_Submit</h3><table class="result"><tr><th class="invisible"/></tr></table><p class="totop"><a href="#summary">back to summary</a></p>
<h3 id="m43">testCases.ArrayTest#testQ4NoCode_Run</h3><table class="result"><tr><th class="invisible"/></tr></table><p class="totop"><a href="#summary">back to summary</a></p>
<h3 id="m44">testCases.ArrayTest#testQ4NoCode_Submit</h3><table class="result"><tr><th class="invisible"/></tr></table><p class="totop"><a href="#summary">back to summary</a></p>
<h3 id="m45">testCases.ArrayTest#testQ4ValidCode_Run</h3><table class="result"><tr><th class="invisible"/></tr></table><p class="totop"><a href="#summary">back to summary</a></p>
<h2>firefoxTest</h2><h3 id="m46">testCases.ArrayTest#testQ4ValidCode_Submit</h3><table class="result"><tr><th>Exception</th></tr><tr><td><div class="stacktrace">java.lang.AssertionError: expected [ No tests were collected] but found [Submission Successful]
	at testCases.ArrayTest.testQ4ValidCode_Submit(ArrayTest.java:521)
	at java.base/java.util.ArrayList.forEach(ArrayList.java:1596)
	at java.base/java.util.concurrent.FutureTask.run(FutureTask.java:317)
	at java.base/java.util.concurrent.ThreadPoolExecutor.runWorker(ThreadPoolExecutor.java:1144)
	at java.base/java.util.concurrent.ThreadPoolExecutor$Worker.run(ThreadPoolExecutor.java:642)
	at java.base/java.lang.Thread.run(Thread.java:1583)
... Removed 21 stack frames</div></td></tr></table><p class="totop"><a href="#summary">back to summary</a></p>
<h3 id="m47">testCases.ArrayTest#testTryEditorPageWithNoInput</h3><table class="result"><tr><th>Exception</th></tr><tr><td><div class="stacktrace">org.openqa.selenium.NoAlertPresentException: Build info: version: &apos;4.33.0&apos;, revision: &apos;2c6aaad03a&apos;
System info: os.name: &apos;Mac OS X&apos;, os.arch: &apos;aarch64&apos;, os.version: &apos;15.5&apos;, java.version: &apos;21.0.7&apos;
Driver info: org.openqa.selenium.firefox.FirefoxDriver
Command: [7772afa7-6ad9-4b3e-b0e8-dcdefc4c30a2, getAlertText {}]
Capabilities {acceptInsecureCerts: true, browserName: firefox, browserVersion: 140.0.4, moz:accessibilityChecks: false, moz:buildID: 20250707120347, moz:geckodriverVersion: 0.36.0, moz:headless: true, moz:platformVersion: 24.5.0, moz:processID: 94294, moz:profile: /var/folders/0b/48sgl7yd1lq..., moz:shutdownTimeout: 60000, moz:webdriverClick: true, moz:windowless: false, pageLoadStrategy: normal, platformName: mac, proxy: Proxy(), setWindowRect: true, strictFileInteractability: false, timeouts: {implicit: 0, pageLoad: 300000, script: 30000}, unhandledPromptBehavior: dismiss and notify, userAgent: Mozilla/5.0 (Macintosh; Int...}
Session ID: 7772afa7-6ad9-4b3e-b0e8-dcdefc4c30a2
	at org.openqa.selenium.remote.ErrorCodec.decode(ErrorCodec.java:167)
	at org.openqa.selenium.remote.codec.w3c.W3CHttpResponseCodec.decode(W3CHttpResponseCodec.java:138)
	at org.openqa.selenium.remote.codec.w3c.W3CHttpResponseCodec.decode(W3CHttpResponseCodec.java:50)
	at org.openqa.selenium.remote.HttpCommandExecutor.execute(HttpCommandExecutor.java:215)
	at org.openqa.selenium.remote.service.DriverCommandExecutor.invokeExecute(DriverCommandExecutor.java:216)
	at org.openqa.selenium.remote.service.DriverCommandExecutor.execute(DriverCommandExecutor.java:174)
	at org.openqa.selenium.remote.RemoteWebDriver.execute(RemoteWebDriver.java:544)
	at org.openqa.selenium.remote.RemoteWebDriver.execute(RemoteWebDriver.java:617)
	at org.openqa.selenium.remote.RemoteWebDriver.execute(RemoteWebDriver.java:621)
	at org.openqa.selenium.remote.RemoteWebDriver$RemoteTargetLocator.alert(RemoteWebDriver.java:1175)
	at pageFactory.BasePage.alert_message(BasePage.java:121)
	at testCases.ArrayTest.testTryEditorPageWithNoInput(ArrayTest.java:131)
	at java.base/java.util.ArrayList.forEach(ArrayList.java:1596)
	at java.base/java.util.concurrent.FutureTask.run(FutureTask.java:317)
	at java.base/java.util.concurrent.ThreadPoolExecutor.runWorker(ThreadPoolExecutor.java:1144)
	at java.base/java.util.concurrent.ThreadPoolExecutor$Worker.run(ThreadPoolExecutor.java:642)
	at java.base/java.lang.Thread.run(Thread.java:1583)
... Removed 18 stack frames</div></td></tr></table><p class="totop"><a href="#summary">back to summary</a></p>
<h3 id="m48">testCases.ArrayTest#testQ4ValidCode_Submit</h3><table class="result"><tr><th>Exception</th></tr><tr><td><div class="stacktrace">java.lang.AssertionError: expected [ No tests were collected] but found [Submission Successful]
	at testCases.ArrayTest.testQ4ValidCode_Submit(ArrayTest.java:521)
	at java.base/java.util.ArrayList.forEach(ArrayList.java:1596)
	at java.base/java.util.concurrent.FutureTask.run(FutureTask.java:317)
	at java.base/java.util.concurrent.ThreadPoolExecutor.runWorker(ThreadPoolExecutor.java:1144)
	at java.base/java.util.concurrent.ThreadPoolExecutor$Worker.run(ThreadPoolExecutor.java:642)
	at java.base/java.lang.Thread.run(Thread.java:1583)
... Removed 21 stack frames</div></td></tr></table><p class="totop"><a href="#summary">back to summary</a></p>
<h3 id="m49">testCases.ArrayTest#testQ4ValidCode_Submit</h3><table class="result"><tr><th>Exception</th></tr><tr><td><div class="stacktrace">java.lang.AssertionError: expected [ No tests were collected] but found [Submission Successful]
	at testCases.ArrayTest.testQ4ValidCode_Submit(ArrayTest.java:521)
	at java.base/java.util.ArrayList.forEach(ArrayList.java:1596)
	at java.base/java.util.concurrent.FutureTask.run(FutureTask.java:317)
	at java.base/java.util.concurrent.ThreadPoolExecutor.runWorker(ThreadPoolExecutor.java:1144)
	at java.base/java.util.concurrent.ThreadPoolExecutor$Worker.run(ThreadPoolExecutor.java:642)
	at java.base/java.lang.Thread.run(Thread.java:1583)
... Removed 21 stack frames</div></td></tr></table><p class="totop"><a href="#summary">back to summary</a></p>
<h3 id="m50">testCases.ArrayTest#testQ4ValidCode_Submit</h3><table class="result"><tr><th>Exception</th></tr><tr><td><div class="stacktrace">java.lang.AssertionError: expected [ No tests were collected] but found [Submission Successful]
	at testCases.ArrayTest.testQ4ValidCode_Submit(ArrayTest.java:521)
	at java.base/java.util.ArrayList.forEach(ArrayList.java:1596)
	at java.base/java.util.concurrent.FutureTask.run(FutureTask.java:317)
	at java.base/java.util.concurrent.ThreadPoolExecutor.runWorker(ThreadPoolExecutor.java:1144)
	at java.base/java.util.concurrent.ThreadPoolExecutor$Worker.run(ThreadPoolExecutor.java:642)
	at java.base/java.lang.Thread.run(Thread.java:1583)
... Removed 21 stack frames</div></td></tr></table><p class="totop"><a href="#summary">back to summary</a></p>
<h3 id="m51">testCases.ArrayTest#testTryEditorPageWithNoInput</h3><table class="result"><tr><th>Exception</th></tr><tr><td><div class="stacktrace">org.openqa.selenium.NoAlertPresentException: Build info: version: &apos;4.33.0&apos;, revision: &apos;2c6aaad03a&apos;
System info: os.name: &apos;Mac OS X&apos;, os.arch: &apos;aarch64&apos;, os.version: &apos;15.5&apos;, java.version: &apos;21.0.7&apos;
Driver info: org.openqa.selenium.firefox.FirefoxDriver
Command: [5d1139bd-dd8b-4a91-b602-1c6e282edd5e, getAlertText {}]
Capabilities {acceptInsecureCerts: true, browserName: firefox, browserVersion: 140.0.4, moz:accessibilityChecks: false, moz:buildID: 20250707120347, moz:geckodriverVersion: 0.36.0, moz:headless: true, moz:platformVersion: 24.5.0, moz:processID: 94239, moz:profile: /var/folders/0b/48sgl7yd1lq..., moz:shutdownTimeout: 60000, moz:webdriverClick: true, moz:windowless: false, pageLoadStrategy: normal, platformName: mac, proxy: Proxy(), setWindowRect: true, strictFileInteractability: false, timeouts: {implicit: 0, pageLoad: 300000, script: 30000}, unhandledPromptBehavior: dismiss and notify, userAgent: Mozilla/5.0 (Macintosh; Int...}
Session ID: 5d1139bd-dd8b-4a91-b602-1c6e282edd5e
	at org.openqa.selenium.remote.ErrorCodec.decode(ErrorCodec.java:167)
	at org.openqa.selenium.remote.codec.w3c.W3CHttpResponseCodec.decode(W3CHttpResponseCodec.java:138)
	at org.openqa.selenium.remote.codec.w3c.W3CHttpResponseCodec.decode(W3CHttpResponseCodec.java:50)
	at org.openqa.selenium.remote.HttpCommandExecutor.execute(HttpCommandExecutor.java:215)
	at org.openqa.selenium.remote.service.DriverCommandExecutor.invokeExecute(DriverCommandExecutor.java:216)
	at org.openqa.selenium.remote.service.DriverCommandExecutor.execute(DriverCommandExecutor.java:174)
	at org.openqa.selenium.remote.RemoteWebDriver.execute(RemoteWebDriver.java:544)
	at org.openqa.selenium.remote.RemoteWebDriver.execute(RemoteWebDriver.java:617)
	at org.openqa.selenium.remote.RemoteWebDriver.execute(RemoteWebDriver.java:621)
	at org.openqa.selenium.remote.RemoteWebDriver$RemoteTargetLocator.alert(RemoteWebDriver.java:1175)
	at pageFactory.BasePage.alert_message(BasePage.java:121)
	at testCases.ArrayTest.testTryEditorPageWithNoInput(ArrayTest.java:131)
	at java.base/java.util.ArrayList.forEach(ArrayList.java:1596)
	at java.base/java.util.concurrent.FutureTask.run(FutureTask.java:317)
	at java.base/java.util.concurrent.ThreadPoolExecutor.runWorker(ThreadPoolExecutor.java:1144)
	at java.base/java.util.concurrent.ThreadPoolExecutor$Worker.run(ThreadPoolExecutor.java:642)
	at java.base/java.lang.Thread.run(Thread.java:1583)
... Removed 18 stack frames</div></td></tr></table><p class="totop"><a href="#summary">back to summary</a></p>
<h3 id="m52">testCases.ArrayTest#testTryEditorPageWithNoInput</h3><table class="result"><tr><th>Exception</th></tr><tr><td><div class="stacktrace">org.openqa.selenium.NoAlertPresentException: Build info: version: &apos;4.33.0&apos;, revision: &apos;2c6aaad03a&apos;
System info: os.name: &apos;Mac OS X&apos;, os.arch: &apos;aarch64&apos;, os.version: &apos;15.5&apos;, java.version: &apos;21.0.7&apos;
Driver info: org.openqa.selenium.firefox.FirefoxDriver
Command: [ead2f560-f3a8-4c87-a9b6-75e371afc4dc, getAlertText {}]
Capabilities {acceptInsecureCerts: true, browserName: firefox, browserVersion: 140.0.4, moz:accessibilityChecks: false, moz:buildID: 20250707120347, moz:geckodriverVersion: 0.36.0, moz:headless: true, moz:platformVersion: 24.5.0, moz:processID: 94131, moz:profile: /var/folders/0b/48sgl7yd1lq..., moz:shutdownTimeout: 60000, moz:webdriverClick: true, moz:windowless: false, pageLoadStrategy: normal, platformName: mac, proxy: Proxy(), setWindowRect: true, strictFileInteractability: false, timeouts: {implicit: 0, pageLoad: 300000, script: 30000}, unhandledPromptBehavior: dismiss and notify, userAgent: Mozilla/5.0 (Macintosh; Int...}
Session ID: ead2f560-f3a8-4c87-a9b6-75e371afc4dc
	at org.openqa.selenium.remote.ErrorCodec.decode(ErrorCodec.java:167)
	at org.openqa.selenium.remote.codec.w3c.W3CHttpResponseCodec.decode(W3CHttpResponseCodec.java:138)
	at org.openqa.selenium.remote.codec.w3c.W3CHttpResponseCodec.decode(W3CHttpResponseCodec.java:50)
	at org.openqa.selenium.remote.HttpCommandExecutor.execute(HttpCommandExecutor.java:215)
	at org.openqa.selenium.remote.service.DriverCommandExecutor.invokeExecute(DriverCommandExecutor.java:216)
	at org.openqa.selenium.remote.service.DriverCommandExecutor.execute(DriverCommandExecutor.java:174)
	at org.openqa.selenium.remote.RemoteWebDriver.execute(RemoteWebDriver.java:544)
	at org.openqa.selenium.remote.RemoteWebDriver.execute(RemoteWebDriver.java:617)
	at org.openqa.selenium.remote.RemoteWebDriver.execute(RemoteWebDriver.java:621)
	at org.openqa.selenium.remote.RemoteWebDriver$RemoteTargetLocator.alert(RemoteWebDriver.java:1175)
	at pageFactory.BasePage.alert_message(BasePage.java:121)
	at testCases.ArrayTest.testTryEditorPageWithNoInput(ArrayTest.java:131)
	at java.base/java.util.ArrayList.forEach(ArrayList.java:1596)
	at java.base/java.util.concurrent.FutureTask.run(FutureTask.java:317)
	at java.base/java.util.concurrent.ThreadPoolExecutor.runWorker(ThreadPoolExecutor.java:1144)
	at java.base/java.util.concurrent.ThreadPoolExecutor$Worker.run(ThreadPoolExecutor.java:642)
	at java.base/java.lang.Thread.run(Thread.java:1583)
... Removed 18 stack frames</div></td></tr></table><p class="totop"><a href="#summary">back to summary</a></p>
<h3 id="m53">testCases.ArrayTest#testTryEditorPageWithNoInput</h3><table class="result"><tr><th>Exception</th></tr><tr><td><div class="stacktrace">org.openqa.selenium.NoAlertPresentException: Build info: version: &apos;4.33.0&apos;, revision: &apos;2c6aaad03a&apos;
System info: os.name: &apos;Mac OS X&apos;, os.arch: &apos;aarch64&apos;, os.version: &apos;15.5&apos;, java.version: &apos;21.0.7&apos;
Driver info: org.openqa.selenium.firefox.FirefoxDriver
Command: [7e149040-a963-4827-887c-6c9e55f985a2, getAlertText {}]
Capabilities {acceptInsecureCerts: true, browserName: firefox, browserVersion: 140.0.4, moz:accessibilityChecks: false, moz:buildID: 20250707120347, moz:geckodriverVersion: 0.36.0, moz:headless: true, moz:platformVersion: 24.5.0, moz:processID: 94174, moz:profile: /var/folders/0b/48sgl7yd1lq..., moz:shutdownTimeout: 60000, moz:webdriverClick: true, moz:windowless: false, pageLoadStrategy: normal, platformName: mac, proxy: Proxy(), setWindowRect: true, strictFileInteractability: false, timeouts: {implicit: 0, pageLoad: 300000, script: 30000}, unhandledPromptBehavior: dismiss and notify, userAgent: Mozilla/5.0 (Macintosh; Int...}
Session ID: 7e149040-a963-4827-887c-6c9e55f985a2
	at org.openqa.selenium.remote.ErrorCodec.decode(ErrorCodec.java:167)
	at org.openqa.selenium.remote.codec.w3c.W3CHttpResponseCodec.decode(W3CHttpResponseCodec.java:138)
	at org.openqa.selenium.remote.codec.w3c.W3CHttpResponseCodec.decode(W3CHttpResponseCodec.java:50)
	at org.openqa.selenium.remote.HttpCommandExecutor.execute(HttpCommandExecutor.java:215)
	at org.openqa.selenium.remote.service.DriverCommandExecutor.invokeExecute(DriverCommandExecutor.java:216)
	at org.openqa.selenium.remote.service.DriverCommandExecutor.execute(DriverCommandExecutor.java:174)
	at org.openqa.selenium.remote.RemoteWebDriver.execute(RemoteWebDriver.java:544)
	at org.openqa.selenium.remote.RemoteWebDriver.execute(RemoteWebDriver.java:617)
	at org.openqa.selenium.remote.RemoteWebDriver.execute(RemoteWebDriver.java:621)
	at org.openqa.selenium.remote.RemoteWebDriver$RemoteTargetLocator.alert(RemoteWebDriver.java:1175)
	at pageFactory.BasePage.alert_message(BasePage.java:121)
	at testCases.ArrayTest.testTryEditorPageWithNoInput(ArrayTest.java:131)
	at java.base/java.util.ArrayList.forEach(ArrayList.java:1596)
	at java.base/java.util.concurrent.FutureTask.run(FutureTask.java:317)
	at java.base/java.util.concurrent.ThreadPoolExecutor.runWorker(ThreadPoolExecutor.java:1144)
	at java.base/java.util.concurrent.ThreadPoolExecutor$Worker.run(ThreadPoolExecutor.java:642)
	at java.base/java.lang.Thread.run(Thread.java:1583)
... Removed 18 stack frames</div></td></tr></table><p class="totop"><a href="#summary">back to summary</a></p>
<h3 id="m54">testCases.ArrayTest#arrayTryingValidAndInvalidCode</h3><table class="result"><tr class="param"><th>Parameter #1</th><th>Parameter #2</th><th>Parameter #3</th></tr><tr class="param stripe"><td>InvalidCode</td><td>hello</td><td>NameError: name &apos;hello&apos; is not defined on line 1</td></tr></table><p class="totop"><a href="#summary">back to summary</a></p>
<h3 id="m55">testCases.ArrayTest#arrayTryingValidAndInvalidCode</h3><table class="result"><tr class="param"><th>Parameter #1</th><th>Parameter #2</th><th>Parameter #3</th></tr><tr class="param stripe"><td>ValidCode</td><td>print(&quot;hello&quot;)</td><td>hello</td></tr></table><p class="totop"><a href="#summary">back to summary</a></p>
<h3 id="m56">testCases.ArrayTest#testApplicationsOfArray</h3><table class="result"><tr><th class="invisible"/></tr></table><p class="totop"><a href="#summary">back to summary</a></p>
<h3 id="m57">testCases.ArrayTest#testArraysInPythonLink</h3><table class="result"><tr><th class="invisible"/></tr></table><p class="totop"><a href="#summary">back to summary</a></p>
<h3 id="m58">testCases.ArrayTest#testArraysUsingListLink</h3><table class="result"><tr><th class="invisible"/></tr></table><p class="totop"><a href="#summary">back to summary</a></p>
<h3 id="m59">testCases.ArrayTest#testBasicOperationsLink</h3><table class="result"><tr><th class="invisible"/></tr></table><p class="totop"><a href="#summary">back to summary</a></p>
<h3 id="m60">testCases.ArrayTest#testClickTryHereFromApplicationsLink</h3><table class="result"><tr><th class="invisible"/></tr></table><p class="totop"><a href="#summary">back to summary</a></p>
<h3 id="m61">testCases.ArrayTest#testClickTryHereFromListLink</h3><table class="result"><tr><th class="invisible"/></tr></table><p class="totop"><a href="#summary">back to summary</a></p>
<h3 id="m62">testCases.ArrayTest#testClickTryHereFromOperationsLink</h3><table class="result"><tr><th class="invisible"/></tr></table><p class="totop"><a href="#summary">back to summary</a></p>
<h3 id="m63">testCases.ArrayTest#testClickTryHereFromPythonLink</h3><table class="result"><tr><th class="invisible"/></tr></table><p class="totop"><a href="#summary">back to summary</a></p>
<h3 id="m64">testCases.ArrayTest#testPracticeQ1</h3><table class="result"><tr><th class="invisible"/></tr></table><p class="totop"><a href="#summary">back to summary</a></p>
<h3 id="m65">testCases.ArrayTest#testPracticeQ2</h3><table class="result"><tr><th class="invisible"/></tr></table><p class="totop"><a href="#summary">back to summary</a></p>
<h3 id="m66">testCases.ArrayTest#testPracticeQ3</h3><table class="result"><tr><th class="invisible"/></tr></table><p class="totop"><a href="#summary">back to summary</a></p>
<h3 id="m67">testCases.ArrayTest#testPracticeQ4</h3><table class="result"><tr><th class="invisible"/></tr></table><p class="totop"><a href="#summary">back to summary</a></p>
<h3 id="m68">testCases.ArrayTest#testPracticeQuestionlink</h3><table class="result"><tr><th class="invisible"/></tr></table><p class="totop"><a href="#summary">back to summary</a></p>
<h3 id="m69">testCases.ArrayTest#testQ1InvalidCode_Run</h3><table class="result"><tr><th class="invisible"/></tr></table><p class="totop"><a href="#summary">back to summary</a></p>
<h3 id="m70">testCases.ArrayTest#testQ1InvalidCode_Submit</h3><table class="result"><tr><th class="invisible"/></tr></table><p class="totop"><a href="#summary">back to summary</a></p>
<h3 id="m71">testCases.ArrayTest#testQ1NoCode_Run</h3><table class="result"><tr><th class="invisible"/></tr></table><p class="totop"><a href="#summary">back to summary</a></p>
<h3 id="m72">testCases.ArrayTest#testQ1NoCode_Submit</h3><table class="result"><tr><th class="invisible"/></tr></table><p class="totop"><a href="#summary">back to summary</a></p>
<h3 id="m73">testCases.ArrayTest#testQ1ValidCode_Run</h3><table class="result"><tr><th class="invisible"/></tr></table><p class="totop"><a href="#summary">back to summary</a></p>
<h3 id="m74">testCases.ArrayTest#testQ1ValidCode_Submit</h3><table class="result"><tr><th class="invisible"/></tr></table><p class="totop"><a href="#summary">back to summary</a></p>
<h3 id="m75">testCases.ArrayTest#testQ2InvalidCode_Run</h3><table class="result"><tr><th class="invisible"/></tr></table><p class="totop"><a href="#summary">back to summary</a></p>
<h3 id="m76">testCases.ArrayTest#testQ2InvalidCode_Submit</h3><table class="result"><tr><th class="invisible"/></tr></table><p class="totop"><a href="#summary">back to summary</a></p>
<h3 id="m77">testCases.ArrayTest#testQ2NoCode_Run</h3><table class="result"><tr><th class="invisible"/></tr></table><p class="totop"><a href="#summary">back to summary</a></p>
<h3 id="m78">testCases.ArrayTest#testQ2NoCode_Submit</h3><table class="result"><tr><th class="invisible"/></tr></table><p class="totop"><a href="#summary">back to summary</a></p>
<h3 id="m79">testCases.ArrayTest#testQ2ValidCode_Run</h3><table class="result"><tr><th class="invisible"/></tr></table><p class="totop"><a href="#summary">back to summary</a></p>
<h3 id="m80">testCases.ArrayTest#testQ2ValidCode_Submit</h3><table class="result"><tr><th class="invisible"/></tr></table><p class="totop"><a href="#summary">back to summary</a></p>
<h3 id="m81">testCases.ArrayTest#testQ3InvalidCode_Run</h3><table class="result"><tr><th class="invisible"/></tr></table><p class="totop"><a href="#summary">back to summary</a></p>
<h3 id="m82">testCases.ArrayTest#testQ3InvalidCode_Submit</h3><table class="result"><tr><th class="invisible"/></tr></table><p class="totop"><a href="#summary">back to summary</a></p>
<h3 id="m83">testCases.ArrayTest#testQ3NoCode_Run</h3><table class="result"><tr><th class="invisible"/></tr></table><p class="totop"><a href="#summary">back to summary</a></p>
<h3 id="m84">testCases.ArrayTest#testQ3NoCode_Submit</h3><table class="result"><tr><th class="invisible"/></tr></table><p class="totop"><a href="#summary">back to summary</a></p>
<h3 id="m85">testCases.ArrayTest#testQ3ValidCode_Run</h3><table class="result"><tr><th class="invisible"/></tr></table><p class="totop"><a href="#summary">back to summary</a></p>
<h3 id="m86">testCases.ArrayTest#testQ3ValidCode_Submit</h3><table class="result"><tr><th class="invisible"/></tr></table><p class="totop"><a href="#summary">back to summary</a></p>
<h3 id="m87">testCases.ArrayTest#testQ4InvalidCode_Run</h3><table class="result"><tr><th class="invisible"/></tr></table><p class="totop"><a href="#summary">back to summary</a></p>
<h3 id="m88">testCases.ArrayTest#testQ4InvalidCode_Submit</h3><table class="result"><tr><th class="invisible"/></tr></table><p class="totop"><a href="#summary">back to summary</a></p>
<h3 id="m89">testCases.ArrayTest#testQ4NoCode_Run</h3><table class="result"><tr><th class="invisible"/></tr></table><p class="totop"><a href="#summary">back to summary</a></p>
<h3 id="m90">testCases.ArrayTest#testQ4NoCode_Submit</h3><table class="result"><tr><th class="invisible"/></tr></table><p class="totop"><a href="#summary">back to summary</a></p>
<h3 id="m91">testCases.ArrayTest#testQ4ValidCode_Run</h3><table class="result"><tr><th class="invisible"/></tr></table><p class="totop"><a href="#summary">back to summary</a></p>
</body>
</html>
