<?xml version="1.0" encoding="UTF-8"?>
<!-- Generated by org.testng.reporters.JUnitReportReporter -->
<testsuite hostname="DESKTOP-181TTAT" failures="0" tests="17" name="testCases.StackTest" time="48.223" errors="2" timestamp="2025-08-20T22:32:25 GMT-04:00" skipped="6">
  <testcase classname="testCases.StackTest" name="open_stac_page" time="3.165"/>
  <system-out/>
  <testcase classname="testCases.StackTest" name="stackOperations" time="2.589"/>
  <system-out/>
  <testcase classname="testCases.StackTest" name="stackoperationsCodeEditor" time="5.358"/>
  <system-out/>
  <testcase classname="testCases.StackTest" name="StackTryingEmptyEditor" time="1.986">
    <skipped/>
  </testcase> <!-- StackTryingEmptyEditor -->
  <system-out/>
  <testcase classname="testCases.StackTest" name="StackTryingEmptyEditor" time="1.871">
    <skipped/>
  </testcase> <!-- StackTryingEmptyEditor -->
  <system-out/>
  <testcase classname="testCases.StackTest" name="StackTryingEmptyEditor" time="1.803">
    <skipped/>
  </testcase> <!-- StackTryingEmptyEditor -->
  <system-out/>
  <testcase classname="testCases.StackTest" name="StackTryingEmptyEditor" time="2.160">
    <error message="Unresolved compilation problem: 
	The method allureScreenshot() is undefined for the type StackTest
" type="java.lang.Error">
      <![CDATA[java.lang.Error: Unresolved compilation problem: 
The method allureScreenshot() is undefined for the type StackTest

at testCases.StackTest.StackTryingEmptyEditor(StackTest.java:69)
at java.base/jdk.internal.reflect.DirectMethodHandleAccessor.invoke(DirectMethodHandleAccessor.java:103)
at java.base/java.lang.reflect.Method.invoke(Method.java:580)
at org.testng.internal.invokers.MethodInvocationHelper.invokeMethod(MethodInvocationHelper.java:139)
at org.testng.internal.invokers.TestInvoker.invokeMethod(TestInvoker.java:677)
at org.testng.internal.invokers.TestInvoker.retryFailed(TestInvoker.java:263)
at org.testng.internal.invokers.MethodRunner.runInSequence(MethodRunner.java:62)
at org.testng.internal.invokers.TestInvoker$MethodInvocationAgent.invoke(TestInvoker.java:969)
at org.testng.internal.invokers.TestInvoker.invokeTestMethods(TestInvoker.java:194)
at org.testng.internal.invokers.TestMethodWorker.invokeTestMethods(TestMethodWorker.java:148)
at org.testng.internal.invokers.TestMethodWorker.run(TestMethodWorker.java:128)
at java.base/java.util.ArrayList.forEach(ArrayList.java:1596)
at org.testng.TestRunner.privateRun(TestRunner.java:829)
at org.testng.TestRunner.run(TestRunner.java:602)
at org.testng.SuiteRunner.runTest(SuiteRunner.java:437)
at org.testng.SuiteRunner$SuiteWorker.run(SuiteRunner.java:475)
at org.testng.internal.thread.ThreadUtil.lambda$execute$0(ThreadUtil.java:58)
at java.base/java.util.concurrent.FutureTask.run(FutureTask.java:317)
at java.base/java.util.concurrent.ThreadPoolExecutor.runWorker(ThreadPoolExecutor.java:1144)
at java.base/java.util.concurrent.ThreadPoolExecutor$Worker.run(ThreadPoolExecutor.java:642)
at java.base/java.lang.Thread.run(Thread.java:1583)
]]>
    </error>
  </testcase> <!-- StackTryingEmptyEditor -->
  <system-out/>
  <testcase classname="testCases.StackTest" name="stackTryingValidAndInvalidCode" time="5.394"/>
  <system-out/>
  <testcase classname="testCases.StackTest" name="stackTryingValidAndInvalidCode" time="3.407"/>
  <system-out/>
  <testcase classname="testCases.StackTest" name="stackimplementation" time="2.876"/>
  <system-out/>
  <testcase classname="testCases.StackTest" name="stackimplementationCodeEditor" time="3.945"/>
  <system-out/>
  <testcase classname="testCases.StackTest" name="stackapplication" time="3.200"/>
  <system-out/>
  <testcase classname="testCases.StackTest" name="stackapplicationCodeEditor" time="2.817"/>
  <system-out/>
  <testcase classname="testCases.StackTest" name="StackopenPracticeQuestions" time="2.199">
    <error message="Unresolved compilation problem: 
	The method allureScreenshot() is undefined for the type StackTest
" type="java.lang.Error">
      <![CDATA[java.lang.Error: Unresolved compilation problem: 
The method allureScreenshot() is undefined for the type StackTest

at testCases.StackTest.StackopenPracticeQuestions(StackTest.java:143)
at java.base/jdk.internal.reflect.DirectMethodHandleAccessor.invoke(DirectMethodHandleAccessor.java:103)
at java.base/java.lang.reflect.Method.invoke(Method.java:580)
at org.testng.internal.invokers.MethodInvocationHelper.invokeMethod(MethodInvocationHelper.java:139)
at org.testng.internal.invokers.TestInvoker.invokeMethod(TestInvoker.java:677)
at org.testng.internal.invokers.TestInvoker.retryFailed(TestInvoker.java:263)
at org.testng.internal.invokers.MethodRunner.runInSequence(MethodRunner.java:62)
at org.testng.internal.invokers.TestInvoker$MethodInvocationAgent.invoke(TestInvoker.java:969)
at org.testng.internal.invokers.TestInvoker.invokeTestMethods(TestInvoker.java:194)
at org.testng.internal.invokers.TestMethodWorker.invokeTestMethods(TestMethodWorker.java:148)
at org.testng.internal.invokers.TestMethodWorker.run(TestMethodWorker.java:128)
at java.base/java.util.ArrayList.forEach(ArrayList.java:1596)
at org.testng.TestRunner.privateRun(TestRunner.java:829)
at org.testng.TestRunner.run(TestRunner.java:602)
at org.testng.SuiteRunner.runTest(SuiteRunner.java:437)
at org.testng.SuiteRunner$SuiteWorker.run(SuiteRunner.java:475)
at org.testng.internal.thread.ThreadUtil.lambda$execute$0(ThreadUtil.java:58)
at java.base/java.util.concurrent.FutureTask.run(FutureTask.java:317)
at java.base/java.util.concurrent.ThreadPoolExecutor.runWorker(ThreadPoolExecutor.java:1144)
at java.base/java.util.concurrent.ThreadPoolExecutor$Worker.run(ThreadPoolExecutor.java:642)
at java.base/java.lang.Thread.run(Thread.java:1583)
]]>
    </error>
  </testcase> <!-- StackopenPracticeQuestions -->
  <system-out/>
  <testcase classname="testCases.StackTest" name="StackopenPracticeQuestions" time="1.802">
    <skipped/>
  </testcase> <!-- StackopenPracticeQuestions -->
  <system-out/>
  <testcase classname="testCases.StackTest" name="StackopenPracticeQuestions" time="1.987">
    <skipped/>
  </testcase> <!-- StackopenPracticeQuestions -->
  <system-out/>
  <testcase classname="testCases.StackTest" name="StackopenPracticeQuestions" time="1.664">
    <skipped/>
  </testcase> <!-- StackopenPracticeQuestions -->
  <system-out/>
</testsuite> <!-- testCases.StackTest -->
